Running: fuse.exe -relaunch -intstyle "ise" -incremental -o "C:/Users/Sina/Desktop/Quantunm/multiplier_isim_beh.exe" -prj "C:/Users/Sina/Desktop/Quantunm/multiplier_beh.prj" "work.multiplier" 
ISim P.20131013 (signature 0x7708f090)
Number of CPUs detected in this system: 8
Turning on mult-threading, number of parallel sub-compilation jobs: 16 
Determining compilation order of HDL files
Parsing VHDL file "C:/Users/Sina/Desktop/Quantunm/peres_gate.vhd" into library work
Parsing VHDL file "C:/Users/Sina/Desktop/Quantunm/gate_hng.vhd" into library work
Parsing VHDL file "C:/Users/Sina/Desktop/Quantunm/gate_bme.vhd" into library work
Parsing VHDL file "C:/Users/Sina/Desktop/Quantunm/multiplier.vhd" into library work
Starting static elaboration
Completed static elaboration
Compiling package standard
Compiling package std_logic_1164
Compiling architecture behavioral of entity gate_bme [gate_bme_default]
Compiling architecture behavioral of entity gate_peres [gate_peres_default]
Compiling architecture behavioral of entity gate_hng [gate_hng_default]
Compiling architecture behavioral of entity multiplier
Time Resolution for simulation is 1ps.
Waiting for 1 sub-compilation(s) to finish...
Compiled 9 VHDL Units
Built simulation executable C:/Users/Sina/Desktop/Quantunm/multiplier_isim_beh.exe
Fuse Memory Usage: 30664 KB
Fuse CPU Usage: 421 ms
