--------------------------------------------------------------------------------
Release 14.7 Trace  (nt64)
Copyright (c) 1995-2013 Xilinx, Inc.  All rights reserved.

C:\Xilinx\14.7\ISE_DS\ISE\bin\nt64\unwrapped\trce.exe -intstyle ise -v 3 -s 4
-n 3 -fastpaths -xml multiplier.twx multiplier.ncd -o multiplier.twr
multiplier.pcf -ucf multiplier.ucf

Design file:              multiplier.ncd
Physical constraint file: multiplier.pcf
Device,package,speed:     xc3s700a,fg484,-4 (PRODUCTION 1.42 2013-10-13)
Report level:             verbose report

Environment Variable      Effect 
--------------------      ------ 
NONE                      No environment variables were set
--------------------------------------------------------------------------------

INFO:Timing:2698 - No timing constraints found, doing default enumeration.
INFO:Timing:3412 - To improve timing, see the Timing Closure User Guide (UG612).
INFO:Timing:2752 - To get complete path coverage, use the unconstrained paths 
   option. All paths that are not constrained will be reported in the 
   unconstrained paths section(s) of the report.
INFO:Timing:3339 - The clock-to-out numbers in this timing report are based on 
   a 50 Ohm transmission line loading model.  For the details of this model, 
   and for more information on accounting for different loading conditions, 
   please see the device datasheet.
INFO:Timing:3390 - This architecture does not support a default System Jitter 
   value, please add SYSTEM_JITTER constraint to the UCF to modify the Clock 
   Uncertainty calculation.
INFO:Timing:3389 - This architecture does not support 'Discrete Jitter' and 
   'Phase Error' calculations, these terms will be zero in the Clock 
   Uncertainty calculation.  Please make appropriate modification to 
   SYSTEM_JITTER to account for the unsupported Discrete Jitter and Phase 
   Error.



Data Sheet report:
-----------------
All values displayed in nanoseconds (ns)

Pad to Pad
---------------+---------------+---------+
Source Pad     |Destination Pad|  Delay  |
---------------+---------------+---------+
A<0>           |P<0>           |    6.565|
A<0>           |P<1>           |    6.589|
A<0>           |P<2>           |    7.446|
A<0>           |P<3>           |    8.895|
A<0>           |P<4>           |   11.101|
A<0>           |P<5>           |   11.287|
A<0>           |P<6>           |   12.234|
A<0>           |P<7>           |   12.058|
A<1>           |P<1>           |    6.537|
A<1>           |P<2>           |    6.815|
A<1>           |P<3>           |    8.782|
A<1>           |P<4>           |   10.401|
A<1>           |P<5>           |   11.174|
A<1>           |P<6>           |   12.121|
A<1>           |P<7>           |   11.945|
A<2>           |P<2>           |    7.916|
A<2>           |P<3>           |    9.573|
A<2>           |P<4>           |   10.029|
A<2>           |P<5>           |   11.515|
A<2>           |P<6>           |   12.462|
A<2>           |P<7>           |   12.286|
A<3>           |P<3>           |    7.799|
A<3>           |P<4>           |   10.375|
A<3>           |P<5>           |   10.332|
A<3>           |P<6>           |   11.279|
A<3>           |P<7>           |   11.103|
B<0>           |P<0>           |    7.493|
B<0>           |P<1>           |    7.480|
B<0>           |P<2>           |    8.598|
B<0>           |P<3>           |    9.502|
B<0>           |P<4>           |   10.915|
B<0>           |P<5>           |   11.242|
B<0>           |P<6>           |   12.189|
B<0>           |P<7>           |   12.013|
B<1>           |P<1>           |    6.545|
B<1>           |P<2>           |    6.835|
B<1>           |P<3>           |    8.540|
B<1>           |P<4>           |   10.802|
B<1>           |P<5>           |   10.932|
B<1>           |P<6>           |   11.879|
B<1>           |P<7>           |   11.703|
B<2>           |P<2>           |    7.329|
B<2>           |P<3>           |    9.124|
B<2>           |P<4>           |   10.272|
B<2>           |P<5>           |   11.456|
B<2>           |P<6>           |   12.403|
B<2>           |P<7>           |   12.227|
B<3>           |P<3>           |    9.034|
B<3>           |P<4>           |   11.338|
B<3>           |P<5>           |   11.426|
B<3>           |P<6>           |   12.373|
B<3>           |P<7>           |   12.197|
---------------+---------------+---------+


Analysis completed Mon Oct 10 23:19:14 2022 
--------------------------------------------------------------------------------

Trace Settings:
-------------------------
Trace Settings 

Peak Memory Usage: 4521 MB



